# JRE version: OpenJDK Runtime Environment (10.0.2+13) (build 10.0.2+13-Ubuntu-1ubuntu0.18.04.4)
# Java VM: OpenJDK 64-Bit Server VM (10.0.2+13-Ubuntu-1ubuntu0.18.04.4, mixed mode, tiered, compressed oops, g1 gc, linux-amd64)
Heap:
 garbage-first heap   total 250880K, used 66582K [0x00000000c2e00000, 0x0000000100000000)
  region size 1024K, 1 young (1024K), 1 survivors (1024K)
 Metaspace       used 64676K, capacity 67144K, committed 68512K, reserved 1110016K
  class space    used 7534K, capacity 8412K, committed 8704K, reserved 1048576K
GC Heap History (10 events):
Event: 22552.335 GC heap after
{Heap after GC invocations=1509 (full 10):
 garbage-first heap   total 104448K, used 66620K [0x00000000c2e00000, 0x0000000100000000)
  region size 1024K, 1 young (1024K), 1 survivors (1024K)
 Metaspace       used 64676K, capacity 67144K, committed 68512K, reserved 1110016K
  class space    used 7534K, capacity 8412K, committed 8704K, reserved 1048576K
}
Event: 22558.780 GC heap before
{Heap before GC invocations=1509 (full 10):
 garbage-first heap   total 104448K, used 70716K [0x00000000c2e00000, 0x0000000100000000)
  region size 1024K, 5 young (5120K), 1 survivors (1024K)
 Metaspace       used 64676K, capacity 67144K, committed 68512K, reserved 1110016K
  class space    used 7534K, capacity 8412K, committed 8704K, reserved 1048576K
}
Event: 22558.782 GC heap after
{Heap after GC invocations=1510 (full 10):
 garbage-first heap   total 104448K, used 66676K [0x00000000c2e00000, 0x0000000100000000)
  region size 1024K, 1 young (1024K), 1 survivors (1024K)
 Metaspace       used 64676K, capacity 67144K, committed 68512K, reserved 1110016K
  class space    used 7534K, capacity 8412K, committed 8704K, reserved 1048576K
}
Event: 22565.407 GC heap before
{Heap before GC invocations=1510 (full 10):
 garbage-first heap   total 104448K, used 70772K [0x00000000c2e00000, 0x0000000100000000)
  region size 1024K, 5 young (5120K), 1 survivors (1024K)
 Metaspace       used 64676K, capacity 67144K, committed 68512K, reserved 1110016K
  class space    used 7534K, capacity 8412K, committed 8704K, reserved 1048576K
}
Event: 22565.409 GC heap after
{Heap after GC invocations=1511 (full 10):
 garbage-first heap   total 104448K, used 66598K [0x00000000c2e00000, 0x0000000100000000)
  region size 1024K, 1 young (1024K), 1 survivors (1024K)
 Metaspace       used 64676K, capacity 67144K, committed 68512K, reserved 1110016K
  class space    used 7534K, capacity 8412K, committed 8704K, reserved 1048576K
}
Event: 22573.481 GC heap before
{Heap before GC invocations=1511 (full 10):
 garbage-first heap   total 104448K, used 70694K [0x00000000c2e00000, 0x0000000100000000)
  region size 1024K, 5 young (5120K), 1 survivors (1024K)
 Metaspace       used 64676K, capacity 67144K, committed 68512K, reserved 1110016K
  class space    used 7534K, capacity 8412K, committed 8704K, reserved 1048576K
}
Event: 22584.228 GC heap after
{Heap after GC invocations=1512 (full 10):
 garbage-first heap   total 104448K, used 66637K [0x00000000c2e00000, 0x0000000100000000)
  region size 1024K, 1 young (1024K), 1 survivors (1024K)
 Metaspace       used 64676K, capacity 67144K, committed 68512K, reserved 1110016K
  class space    used 7534K, capacity 8412K, committed 8704K, reserved 1048576K
}
Event: 22626.857 GC heap before
{Heap before GC invocations=1512 (full 10):
 garbage-first heap   total 104448K, used 70733K [0x00000000c2e00000, 0x0000000100000000)
  region size 1024K, 5 young (5120K), 1 survivors (1024K)
 Metaspace       used 64676K, capacity 67144K, committed 68512K, reserved 1110016K
  class space    used 7534K, capacity 8412K, committed 8704K, reserved 1048576K
}
Event: 22630.616 GC heap after
{Heap after GC invocations=1513 (full 10):
 garbage-first heap   total 104448K, used 66512K [0x00000000c2e00000, 0x0000000100000000)
  region size 1024K, 1 young (1024K), 1 survivors (1024K)
 Metaspace       used 64676K, capacity 67144K, committed 68512K, reserved 1110016K
  class space    used 7534K, capacity 8412K, committed 8704K, reserved 1048576K
}
Event: 22641.151 GC heap before
{Heap before GC invocations=1513 (full 10):
 garbage-first heap   total 104448K, used 70608K [0x00000000c2e00000, 0x0000000100000000)
  region size 1024K, 5 young (5120K), 1 survivors (1024K)
 Metaspace       used 64676K, capacity 67144K, committed 68512K, reserved 1110016K
  class space    used 7534K, capacity 8412K, committed 8704K, reserved 1048576K
}

