# JRE version: OpenJDK Runtime Environment (10.0.2+13) (build 10.0.2+13-Ubuntu-1ubuntu0.18.04.4)
# Java VM: OpenJDK 64-Bit Server VM (10.0.2+13-Ubuntu-1ubuntu0.18.04.4, mixed mode, tiered, compressed oops, g1 gc, linux-amd64)
Heap:
 garbage-first heap   total 221184K, used 40117K [0x00000000c2e00000, 0x0000000100000000)
  region size 1024K, 1 young (1024K), 1 survivors (1024K)
 Metaspace       used 64999K, capacity 66862K, committed 67492K, reserved 1107968K
  class space    used 7615K, capacity 8249K, committed 8356K, reserved 1048576K
GC Heap History (10 events):
Event: 13759.853 GC heap after
{Heap after GC invocations=308 (full 2):
 garbage-first heap   total 86016K, used 40025K [0x00000000c2e00000, 0x0000000100000000)
  region size 1024K, 1 young (1024K), 1 survivors (1024K)
 Metaspace       used 64895K, capacity 66754K, committed 67492K, reserved 1107968K
  class space    used 7590K, capacity 8208K, committed 8356K, reserved 1048576K
}
Event: 13797.763 GC heap before
{Heap before GC invocations=308 (full 2):
 garbage-first heap   total 86016K, used 72793K [0x00000000c2e00000, 0x0000000100000000)
  region size 1024K, 33 young (33792K), 1 survivors (1024K)
 Metaspace       used 64895K, capacity 66754K, committed 67492K, reserved 1107968K
  class space    used 7590K, capacity 8208K, committed 8356K, reserved 1048576K
}
Event: 13797.765 GC heap after
{Heap after GC invocations=309 (full 2):
 garbage-first heap   total 86016K, used 39969K [0x00000000c2e00000, 0x0000000100000000)
  region size 1024K, 1 young (1024K), 1 survivors (1024K)
 Metaspace       used 64895K, capacity 66754K, committed 67492K, reserved 1107968K
  class space    used 7590K, capacity 8208K, committed 8356K, reserved 1048576K
}
Event: 13847.955 GC heap before
{Heap before GC invocations=309 (full 2):
 garbage-first heap   total 86016K, used 72737K [0x00000000c2e00000, 0x0000000100000000)
  region size 1024K, 33 young (33792K), 1 survivors (1024K)
 Metaspace       used 64895K, capacity 66754K, committed 67492K, reserved 1107968K
  class space    used 7590K, capacity 8208K, committed 8356K, reserved 1048576K
}
Event: 13850.885 GC heap after
{Heap after GC invocations=310 (full 2):
 garbage-first heap   total 86016K, used 40006K [0x00000000c2e00000, 0x0000000100000000)
  region size 1024K, 1 young (1024K), 1 survivors (1024K)
 Metaspace       used 64895K, capacity 66754K, committed 67492K, reserved 1107968K
  class space    used 7590K, capacity 8208K, committed 8356K, reserved 1048576K
}
Event: 15413.654 GC heap before
{Heap before GC invocations=310 (full 2):
 garbage-first heap   total 86016K, used 72774K [0x00000000c2e00000, 0x0000000100000000)
  region size 1024K, 33 young (33792K), 1 survivors (1024K)
 Metaspace       used 64946K, capacity 66816K, committed 67492K, reserved 1107968K
  class space    used 7604K, capacity 8233K, committed 8356K, reserved 1048576K
}
Event: 15623.640 GC heap after
{Heap after GC invocations=311 (full 2):
 garbage-first heap   total 86016K, used 40081K [0x00000000c2e00000, 0x0000000100000000)
  region size 1024K, 1 young (1024K), 1 survivors (1024K)
 Metaspace       used 64946K, capacity 66816K, committed 67492K, reserved 1107968K
  class space    used 7604K, capacity 8233K, committed 8356K, reserved 1048576K
}
Event: 16028.154 GC heap before
{Heap before GC invocations=311 (full 2):
 garbage-first heap   total 86016K, used 43153K [0x00000000c2e00000, 0x0000000100000000)
  region size 1024K, 4 young (4096K), 1 survivors (1024K)
 Metaspace       used 64977K, capacity 66847K, committed 67492K, reserved 1107968K
  class space    used 7611K, capacity 8244K, committed 8356K, reserved 1048576K
}
Event: 16104.146 GC heap after
{Heap after GC invocations=312 (full 2):
 garbage-first heap   total 86016K, used 40084K [0x00000000c2e00000, 0x0000000100000000)
  region size 1024K, 1 young (1024K), 1 survivors (1024K)
 Metaspace       used 64977K, capacity 66847K, committed 67492K, reserved 1107968K
  class space    used 7611K, capacity 8244K, committed 8356K, reserved 1048576K
}
Event: 16528.493 GC heap before
{Heap before GC invocations=312 (full 2):
 garbage-first heap   total 86016K, used 43156K [0x00000000c2e00000, 0x0000000100000000)
  region size 1024K, 4 young (4096K), 1 survivors (1024K)
 Metaspace       used 64999K, capacity 66862K, committed 67492K, reserved 1107968K
  class space    used 7615K, capacity 8249K, committed 8356K, reserved 1048576K
}

